Removed Pin From Net: NetName=CH1-SPI.CS Pin=U26-110
Removed Pin From Net: NetName=CH1-SPI.SCLK Pin=U26-133
Removed Pin From Net: NetName=CH1-SPI.MISO Pin=U26-134
Removed Pin From Net: NetName=CH1-SPI.MOSI Pin=U26-135
Added Component: Designator=J6(TE-5103308-5)
Add component (AddParameter): Name = "Manufacturer"; Value = "TE Connectivity"; VariantName = "[No Variations]"
Add component (AddParameter): Name = "PartNumber"; Value = "5103308-5"; VariantName = "[No Variations]"
Added Pin To Net: NetName=3.3V Pin=J6-1
Added Pin To Net: NetName=3.3V Pin=J6-2
Added Pin To Net: NetName=GND Pin=J6-4
Added Pin To Net: NetName=GND Pin=J6-6
Added Pin To Net: NetName=GND Pin=J6-8
Added Pin To Net: NetName=GND Pin=J6-10
Added Pin To Net: NetName=GND Pin=J6-12
Added Pin To Net: NetName=GND Pin=J6-14
Added Pin To Net: NetName=GND Pin=J6-16
Added Pin To Net: NetName=GND Pin=J6-18
Added Pin To Net: NetName=GND Pin=J6-20
Add Pin To Net: Unknown Pin: Pin R25-1
Add Pin To Net: Unknown Pin: Pin R25-2
Added Pin To Net: NetName=CH1-SPI.CS Pin=U26-40
Added Pin To Net: NetName=CH1-SPI.SCLK Pin=U26-41
Added Pin To Net: NetName=CH1-SPI.MISO Pin=U26-42
Added Pin To Net: NetName=CH1-SPI.MOSI Pin=U26-43
Added Pin To Net: NetName=CH3-SPI.CS Pin=U26-64
Added Pin To Net: NetName=CH3-SPI.SCLK Pin=U26-65
Added Pin To Net: NetName=CH3-SPI.MISO Pin=U26-66
Added Pin To Net: NetName=CH3-SPI.MOSI Pin=U26-67
Added Pin To Net: NetName=CH1-A0 Pin=U7-5
Added Pin To Net: NetName=CH1-A0 Pin=U26-13
Added Net: Name=CH1-A0
Added Pin To Net: NetName=CH1-A1 Pin=U7-4
Added Pin To Net: NetName=CH1-A1 Pin=U26-12
Added Net: Name=CH1-A1
Added Pin To Net: NetName=CH1-DRDY Pin=U7-6
Added Pin To Net: NetName=CH1-DRDY Pin=U26-14
Added Net: Name=CH1-DRDY
Added Pin To Net: NetName=CH1-EN Pin=Q1-6
Added Pin To Net: NetName=CH1-EN Pin=U26-15
Added Net: Name=CH1-EN
Added Pin To Net: NetName=CH1-RST Pin=U7-3
Added Pin To Net: NetName=CH1-RST Pin=U26-11
Added Net: Name=CH1-RST
Added Pin To Net: NetName=CH1-START Pin=U7-2
Added Pin To Net: NetName=CH1-START Pin=U26-10
Added Net: Name=CH1-START
Added Pin To Net: NetName=CH2-A0 Pin=U15-5
Added Pin To Net: NetName=CH2-A0 Pin=U26-22
Added Net: Name=CH2-A0
Added Pin To Net: NetName=CH2-A1 Pin=U15-4
Added Pin To Net: NetName=CH2-A1 Pin=U26-21
Added Net: Name=CH2-A1
Added Pin To Net: NetName=CH2-DRDY Pin=U15-6
Added Pin To Net: NetName=CH2-DRDY Pin=U26-49
Added Net: Name=CH2-DRDY
Added Pin To Net: NetName=CH2-EN Pin=Q2-6
Added Pin To Net: NetName=CH2-EN Pin=U26-50
Added Net: Name=CH2-EN
Added Pin To Net: NetName=CH2-RST Pin=U15-3
Added Pin To Net: NetName=CH2-RST Pin=U26-20
Added Net: Name=CH2-RST
Added Pin To Net: NetName=CH2-START Pin=U15-2
Added Pin To Net: NetName=CH2-START Pin=U26-19
Added Net: Name=CH2-START
Added Pin To Net: NetName=CH3-A0 Pin=U23-5
Added Pin To Net: NetName=CH3-A0 Pin=U26-88
Added Net: Name=CH3-A0
Added Pin To Net: NetName=CH3-A1 Pin=U23-4
Added Pin To Net: NetName=CH3-A1 Pin=U26-87
Added Net: Name=CH3-A1
Added Pin To Net: NetName=CH3-DRDY Pin=U23-6
Added Pin To Net: NetName=CH3-DRDY Pin=U26-89
Added Net: Name=CH3-DRDY
Added Pin To Net: NetName=CH3-EN Pin=Q3-6
Added Pin To Net: NetName=CH3-EN Pin=U26-90
Added Net: Name=CH3-EN
Added Pin To Net: NetName=CH3-RST Pin=U23-3
Added Pin To Net: NetName=CH3-RST Pin=U26-57
Added Net: Name=CH3-RST
Added Pin To Net: NetName=CH3-START Pin=U23-2
Added Pin To Net: NetName=CH3-START Pin=U26-56
Added Net: Name=CH3-START
Added Pin To Net: NetName=JTCK/SWCLK Pin=J6-9
Added Pin To Net: NetName=JTCK/SWCLK Pin=U26-109
Added Net: Name=JTCK/SWCLK
Added Pin To Net: NetName=JTDI Pin=J6-5
Added Pin To Net: NetName=JTDI Pin=U26-110
Added Net: Name=JTDI
Added Pin To Net: NetName=JTDO/TRACESWO Pin=J6-13
Added Pin To Net: NetName=JTDO/TRACESWO Pin=U26-133
Added Net: Name=JTDO/TRACESWO
Added Pin To Net: NetName=JTMS/SWDIO Pin=J6-7
Added Pin To Net: NetName=JTMS/SWDIO Pin=U26-105
Added Net: Name=JTMS/SWDIO
Added Pin To Net: NetName=MDM-DISABLE Pin=J1-20
Added Pin To Net: NetName=MDM-DISABLE Pin=U26-81
Added Net: Name=MDM-DISABLE
Added Pin To Net: NetName=MDM-PERST Pin=J1-22
Added Pin To Net: NetName=MDM-PERST Pin=U26-82
Added Net: Name=MDM-PERST
Added Pin To Net: NetName=MDM-PWR-EN Pin=Q4-6
Added Pin To Net: NetName=MDM-PWR-EN Pin=U26-85
Added Net: Name=MDM-PWR-EN
Added Pin To Net: NetName=MDM-UART.CTS Pin=J1-25
Added Pin To Net: NetName=MDM-UART.CTS Pin=U26-117
Added Net: Name=MDM-UART.CTS
Added Pin To Net: NetName=MDM-UART.DTR Pin=J1-31
Added Pin To Net: NetName=MDM-UART.DTR Pin=U26-116
Added Net: Name=MDM-UART.DTR
Added Pin To Net: NetName=MDM-UART.RI Pin=J1-17
Added Pin To Net: NetName=MDM-UART.RI Pin=U26-115
Added Net: Name=MDM-UART.RI
Added Pin To Net: NetName=MDM-UART.RTS Pin=J1-23
Added Pin To Net: NetName=MDM-UART.RTS Pin=U26-118
Added Net: Name=MDM-UART.RTS
Added Pin To Net: NetName=MDM-UART.RX Pin=J1-13
Added Pin To Net: NetName=MDM-UART.RX Pin=U26-122
Added Net: Name=MDM-UART.RX
Added Pin To Net: NetName=MDM-UART.TX Pin=J1-11
Added Pin To Net: NetName=MDM-UART.TX Pin=U26-119
Added Net: Name=MDM-UART.TX
Added Pin To Net: NetName=MDM-WAKE Pin=J1-1
Added Pin To Net: NetName=MDM-WAKE Pin=U26-80
Added Net: Name=MDM-WAKE
Added Pin To Net: NetName=NJTRST Pin=J6-3
Added Pin To Net: NetName=NJTRST Pin=U26-134
Added Net: Name=NJTRST
Added Pin To Net: NetName=RST Pin=J6-15
Added Pin To Net: NetName=RST Pin=U26-25
Added Net: Name=RST
Added Pin To Net: NetName=S-DISABLE Pin=R24-2
Added Pin To Net: NetName=S-DISABLE Pin=U25-2
Added Pin To Net: NetName=S-DISABLE Pin=U26-92
Added Net: Name=S-DISABLE
Added Member To Class: ClassName=MICROCONTROLLER Member=Component J6 5103308-5
Add Class Member: Failed to add class member : Component R25 RC0805FR-07100KL
