Change Physical Footprint: Designator=B1 Old Footprint=Holder-CR2032-103 New Footprint=Holder-CR2032-103
Change Physical Footprint: Designator=C1 Old Footprint=CAP-0603 New Footprint=CAP-0603
Change Physical Footprint: Designator=C2 Old Footprint=CAP-0603 New Footprint=CAP-0603
Change Physical Footprint: Designator=C3 Old Footprint=CAP-0603 New Footprint=CAP-0603
Change Physical Footprint: Designator=C4 Old Footprint=CAP-0603 New Footprint=CAP-0603
Change Physical Footprint: Designator=C5 Old Footprint=CAP-0603 New Footprint=CAP-0603
Change Physical Footprint: Designator=C6 Old Footprint=CAP-0603 New Footprint=CAP-0603
Change Physical Footprint: Designator=C7 Old Footprint=CAP-0603 New Footprint=CAP-0603
Change Physical Footprint: Designator=C8 Old Footprint=CAP-0603 New Footprint=CAP-0603
Change Physical Footprint: Designator=C9 Old Footprint=CAP-0603 New Footprint=CAP-0603
Change Physical Footprint: Designator=C10 Old Footprint=CAP-0603 New Footprint=CAP-0603
Change Physical Footprint: Designator=C11 Old Footprint=CAP-0603 New Footprint=CAP-0603
Change Physical Footprint: Designator=C12 Old Footprint=CAP-0603 New Footprint=CAP-0603
Change Physical Footprint: Designator=C13 Old Footprint=CAP-0603 New Footprint=CAP-0603
Change Physical Footprint: Designator=C14 Old Footprint=CAP-0603 New Footprint=CAP-0603
Change Physical Footprint: Designator=C15 Old Footprint=CAP-0603 New Footprint=CAP-0603
Change Physical Footprint: Designator=C16 Old Footprint=CAP-0603 New Footprint=CAP-0603
Change Physical Footprint: Designator=C17 Old Footprint=CAP-0603 New Footprint=CAP-0603
Change Physical Footprint: Designator=C18 Old Footprint=CAP-0603 New Footprint=CAP-0603
Change Physical Footprint: Designator=C19 Old Footprint=CAP-0603 New Footprint=CAP-0603
Change Physical Footprint: Designator=C20 Old Footprint=CAP-0603 New Footprint=CAP-0603
Change Physical Footprint: Designator=C21 Old Footprint=CAP-0603 New Footprint=CAP-0603
Change Physical Footprint: Designator=C22 Old Footprint=CAP-0603 New Footprint=CAP-0603
Change Physical Footprint: Designator=C23 Old Footprint=CAP-0603 New Footprint=CAP-0603
Change Physical Footprint: Designator=C24 Old Footprint=CAP-0603 New Footprint=CAP-0603
Change Physical Footprint: Designator=C25 Old Footprint=CAP-0603 New Footprint=CAP-0603
Change Physical Footprint: Designator=C26 Old Footprint=CAP-0603 New Footprint=CAP-0603
Change Physical Footprint: Designator=C27 Old Footprint=CAP-0603 New Footprint=CAP-0603
Change Physical Footprint: Designator=C28 Old Footprint=CAP-0603 New Footprint=CAP-0603
Change Physical Footprint: Designator=C29 Old Footprint=CAP-0603 New Footprint=CAP-0603
Change Physical Footprint: Designator=C30 Old Footprint=CAP-0603 New Footprint=CAP-0603
Change Physical Footprint: Designator=C31 Old Footprint=CAP-0603 New Footprint=CAP-0603
Change Physical Footprint: Designator=C32 Old Footprint=CAP-0603 New Footprint=CAP-0603
Change Physical Footprint: Designator=C33 Old Footprint=CAP-0603 New Footprint=CAP-0603
Change Physical Footprint: Designator=C34 Old Footprint=CAP-0603 New Footprint=CAP-0603
Change Physical Footprint: Designator=C35 Old Footprint=CAP-0603 New Footprint=CAP-0603
Change Physical Footprint: Designator=C36 Old Footprint=CAP-0603 New Footprint=CAP-0603
Change Physical Footprint: Designator=C37 Old Footprint=CAP-0603 New Footprint=CAP-0603
Change Physical Footprint: Designator=C38 Old Footprint=CAP-0603 New Footprint=CAP-0603
Change Physical Footprint: Designator=C39 Old Footprint=CAP-0603 New Footprint=CAP-0603
Change Physical Footprint: Designator=C40 Old Footprint=CAP-0603 New Footprint=CAP-0603
Change Physical Footprint: Designator=C41 Old Footprint=CAP-0603 New Footprint=CAP-0603
Change Physical Footprint: Designator=C42 Old Footprint=CAP-0603 New Footprint=CAP-0603
Change Physical Footprint: Designator=C43 Old Footprint=CAP-0603 New Footprint=CAP-0603
Change Physical Footprint: Designator=C44 Old Footprint=CAP-0603 New Footprint=CAP-0603
Change Physical Footprint: Designator=C45 Old Footprint=CAP-0603 New Footprint=CAP-0603
Change Physical Footprint: Designator=C46 Old Footprint=CAP-0603 New Footprint=CAP-0603
Change Physical Footprint: Designator=C47 Old Footprint=CAP-0603 New Footprint=CAP-0603
Change Physical Footprint: Designator=C48 Old Footprint=CAP-0603 New Footprint=CAP-0603
Change Physical Footprint: Designator=C49 Old Footprint=CAP-0603 New Footprint=CAP-0603
Change Physical Footprint: Designator=C50 Old Footprint=CAP-0603 New Footprint=CAP-0603
Change Physical Footprint: Designator=C51 Old Footprint=CAP-0603 New Footprint=CAP-0603
Change Physical Footprint: Designator=C52 Old Footprint=CAP-0603 New Footprint=CAP-0603
Change Physical Footprint: Designator=C53 Old Footprint=CAP-0603 New Footprint=CAP-0603
Change Physical Footprint: Designator=C54 Old Footprint=CAP-0603 New Footprint=CAP-0603
Change Physical Footprint: Designator=C55 Old Footprint=CAP-0603 New Footprint=CAP-0603
Change Physical Footprint: Designator=C56 Old Footprint=CAP-0603 New Footprint=CAP-0603
Change Physical Footprint: Designator=C57 Old Footprint=CAP-0603 New Footprint=CAP-0603
Change Physical Footprint: Designator=C58 Old Footprint=CAP-0603 New Footprint=CAP-0603
Change Physical Footprint: Designator=C59 Old Footprint=CAP-0603 New Footprint=CAP-0603
Change Physical Footprint: Designator=C60 Old Footprint=CAP-0603 New Footprint=CAP-0603
Change Physical Footprint: Designator=C61 Old Footprint=CAP-0603 New Footprint=CAP-0603
Change Physical Footprint: Designator=C62 Old Footprint=CAP-0603 New Footprint=CAP-0603
Change Physical Footprint: Designator=C63 Old Footprint=CAP-0603 New Footprint=CAP-0603
Change Physical Footprint: Designator=C64 Old Footprint=CAP-0603 New Footprint=CAP-0603
Change Physical Footprint: Designator=C65 Old Footprint=CAP-0603 New Footprint=CAP-0603
Change Physical Footprint: Designator=C66 Old Footprint=CAP-0603 New Footprint=CAP-0603
Change Physical Footprint: Designator=C67 Old Footprint=CAP-0603 New Footprint=CAP-0603
Change Physical Footprint: Designator=C68 Old Footprint=CAP-0603 New Footprint=CAP-0603
Change Physical Footprint: Designator=C69 Old Footprint=CAP-0603 New Footprint=CAP-0603
Change Physical Footprint: Designator=C70 Old Footprint=CAP-0603 New Footprint=CAP-0603
Change Physical Footprint: Designator=C71 Old Footprint=CAP-0603 New Footprint=CAP-0603
Change Physical Footprint: Designator=C72 Old Footprint=CAP-0603 New Footprint=CAP-0603
Change Physical Footprint: Designator=C73 Old Footprint=CAP-0603 New Footprint=CAP-0603
Change Physical Footprint: Designator=C74 Old Footprint=CAP_ALUM_SIZE_F New Footprint=CAP_ALUM_SIZE_F
Change Physical Footprint: Designator=C75 Old Footprint=CAP-0603 New Footprint=CAP-0603
Change Physical Footprint: Designator=C76 Old Footprint=CAP-0603 New Footprint=CAP-0603
Change Physical Footprint: Designator=C77 Old Footprint=CAP-0603 New Footprint=CAP-0603
Change Physical Footprint: Designator=C78 Old Footprint=CAP-0603 New Footprint=CAP-0603
Change Physical Footprint: Designator=C79 Old Footprint=CAP-0603 New Footprint=CAP-0603
Change Physical Footprint: Designator=C80 Old Footprint=CAP-0603 New Footprint=CAP-0603
Change Physical Footprint: Designator=C81 Old Footprint=CAP-0603 New Footprint=CAP-0603
Change Physical Footprint: Designator=C82 Old Footprint=CAP-0603 New Footprint=CAP-0603
Change Physical Footprint: Designator=C83 Old Footprint=CAP-0603 New Footprint=CAP-0603
Change Physical Footprint: Designator=C84 Old Footprint=CAP-0603 New Footprint=CAP-0603
Change Physical Footprint: Designator=C85 Old Footprint=CAP-0603 New Footprint=CAP-0603
Change Physical Footprint: Designator=C86 Old Footprint=CAP-0603 New Footprint=CAP-0603
Change Physical Footprint: Designator=C87 Old Footprint=CAP-0603 New Footprint=CAP-0603
Change Physical Footprint: Designator=C88 Old Footprint=CAP-0603 New Footprint=CAP-0603
Change Physical Footprint: Designator=C89 Old Footprint=CAP-0603 New Footprint=CAP-0603
Change Physical Footprint: Designator=C90 Old Footprint=CAP-0603 New Footprint=CAP-0603
Change Physical Footprint: Designator=C91 Old Footprint=CAP-0603 New Footprint=CAP-0603
Change Physical Footprint: Designator=C92 Old Footprint=CAP-0603 New Footprint=CAP-0603
Change Physical Footprint: Designator=C93 Old Footprint=CAP-0603 New Footprint=CAP-0603
Change Physical Footprint: Designator=C94 Old Footprint=CAP-0603 New Footprint=CAP-0603
Change Physical Footprint: Designator=C95 Old Footprint=CAP-0603 New Footprint=CAP-0603
Change Physical Footprint: Designator=C96 Old Footprint=CAP-0603 New Footprint=CAP-0603
Change Physical Footprint: Designator=C97 Old Footprint=CAP-0603 New Footprint=CAP-0603
Change Physical Footprint: Designator=C98 Old Footprint=CAP-0603 New Footprint=CAP-0603
Change Physical Footprint: Designator=C99 Old Footprint=CAP_ALUM_SIZE_F New Footprint=CAP_ALUM_SIZE_F
Change Physical Footprint: Designator=D1 Old Footprint=SOT-323-3 New Footprint=SOT-323-3
Change Physical Footprint: Designator=D2 Old Footprint=SMC - BIIDIR New Footprint=SMC - BIIDIR
Change Physical Footprint: Designator=D3 Old Footprint=SOT-323-3 New Footprint=SOT-323-3
Change Physical Footprint: Designator=D4 Old Footprint=SOD323 - DIODE UNIDIR New Footprint=SOD323 - DIODE UNIDIR
Change Physical Footprint: Designator=D5 Old Footprint=TSSOP6 New Footprint=TSSOP6
Change Physical Footprint: Designator=D6 Old Footprint=TSSOP6 New Footprint=TSSOP6
Change Physical Footprint: Designator=D7 Old Footprint=SOT-323-3 New Footprint=SOT-323-3
Change Physical Footprint: Designator=D8 Old Footprint=SMC - BIIDIR New Footprint=SMC - BIIDIR
Change Physical Footprint: Designator=D9 Old Footprint=SOT-323-3 New Footprint=SOT-323-3
Change Physical Footprint: Designator=D10 Old Footprint=SOD323 - DIODE UNIDIR New Footprint=SOD323 - DIODE UNIDIR
Change Physical Footprint: Designator=D11 Old Footprint=SOT-323-3 New Footprint=SOT-323-3
Change Physical Footprint: Designator=D12 Old Footprint=DIODE-0603 New Footprint=DIODE-0603
Change Physical Footprint: Designator=D13 Old Footprint=SOT-323-3 New Footprint=SOT-323-3
Change Physical Footprint: Designator=D14 Old Footprint=SOD323 - DIODE UNIDIR New Footprint=SOD323 - DIODE UNIDIR
Change Physical Footprint: Designator=D15 Old Footprint=0805 - LED New Footprint=0805 - LED
Change Physical Footprint: Designator=FB1 Old Footprint=IND-0603 New Footprint=IND-0603
Change Physical Footprint: Designator=FB2 Old Footprint=IND-0603 New Footprint=IND-0603
Change Physical Footprint: Designator=FB3 Old Footprint=IND-0603 New Footprint=IND-0603
Change Physical Footprint: Designator=FB4 Old Footprint=IND-0603 New Footprint=IND-0603
Change Physical Footprint: Designator=GDT1 Old Footprint=LITTLELFUSE-CG5XXXLTR New Footprint=LITTLELFUSE-CG5XXXLTR
Change Physical Footprint: Designator=GDT2 Old Footprint=LITTLELFUSE-CG5XXXLTR New Footprint=LITTLELFUSE-CG5XXXLTR
Change Physical Footprint: Designator=GDT3 Old Footprint=LITTLELFUSE-CG5XXXLTR New Footprint=LITTLELFUSE-CG5XXXLTR
Change Physical Footprint: Designator=J1 Old Footprint=MOLEX-679100002 New Footprint=MOLEX-679100002
Change Physical Footprint: Designator=J2 Old Footprint=MOLEX-786463001 New Footprint=MOLEX-786463001
Change Physical Footprint: Designator=J3 Old Footprint=MOLEX-473460001 New Footprint=MOLEX-473460001
Change Physical Footprint: Designator=J4 Old Footprint=TE-640455-8 New Footprint=TE-640455-8
Change Physical Footprint: Designator=J5 Old Footprint=PIN3 New Footprint=PIN3
Change Physical Footprint: Designator=J6 Old Footprint=TE-5103308-5 New Footprint=TE-5103308-5
Change Physical Footprint: Designator=J7 Old Footprint=PIN3 New Footprint=PIN3
Change Physical Footprint: Designator=J8 Old Footprint=TE-2201778-1 New Footprint=TE-2201778-1
Change Physical Footprint: Designator=J9 Old Footprint=TE-640455-4 New Footprint=TE-640455-4
Change Physical Footprint: Designator=J10 Old Footprint=TE-640455-3 New Footprint=TE-640455-3
Change Physical Footprint: Designator=K1 Old Footprint=SMD6 New Footprint=SMD6
Change Physical Footprint: Designator=PTC1 Old Footprint=LITTLELFUSE-72R020X New Footprint=LITTLELFUSE-72R020X
Change Physical Footprint: Designator=PTC2 Old Footprint=LITTLELFUSE-72R020X New Footprint=LITTLELFUSE-72R020X
Change Physical Footprint: Designator=PTC3 Old Footprint=LITTLELFUSE-72R020X New Footprint=LITTLELFUSE-72R020X
Change Physical Footprint: Designator=Q1 Old Footprint=TSSOP6 New Footprint=TSSOP6
Change Physical Footprint: Designator=Q2 Old Footprint=TSSOP6 New Footprint=TSSOP6
Change Physical Footprint: Designator=Q3 Old Footprint=TSSOP6 New Footprint=TSSOP6
Change Physical Footprint: Designator=Q4 Old Footprint=TSSOP6 New Footprint=TSSOP6
Change Physical Footprint: Designator=R1 Old Footprint=CADDOCK - HVD5-B20M-050-05 New Footprint=CADDOCK - HVD5-B20M-050-05
Change Physical Footprint: Designator=R2 Old Footprint=RES-0603 New Footprint=RES-0603
Change Physical Footprint: Designator=R3 Old Footprint=RES-0603 New Footprint=RES-0603
Change Physical Footprint: Designator=R4 Old Footprint=RES-0603 New Footprint=RES-0603
Change Physical Footprint: Designator=R5 Old Footprint=RES-0603 New Footprint=RES-0603
Change Physical Footprint: Designator=R6 Old Footprint=RES-0603 New Footprint=RES-0603
Change Physical Footprint: Designator=R7 Old Footprint=RES-0603 New Footprint=RES-0603
Change Physical Footprint: Designator=R8 Old Footprint=RES-0603 New Footprint=RES-0603
Change Physical Footprint: Designator=R9 Old Footprint=RES-0603 New Footprint=RES-0603
Change Physical Footprint: Designator=R10 Old Footprint=RES-0603 New Footprint=RES-0603
Change Physical Footprint: Designator=R11 Old Footprint=CADDOCK - HVD5-B20M-050-05 New Footprint=CADDOCK - HVD5-B20M-050-05
Change Physical Footprint: Designator=R12 Old Footprint=RES-0603 New Footprint=RES-0603
Change Physical Footprint: Designator=R13 Old Footprint=RES-0603 New Footprint=RES-0603
Change Physical Footprint: Designator=R14 Old Footprint=RES-0603 New Footprint=RES-0603
Change Physical Footprint: Designator=R15 Old Footprint=RES-0603 New Footprint=RES-0603
Change Physical Footprint: Designator=R16 Old Footprint=RES-0603 New Footprint=RES-0603
Change Physical Footprint: Designator=R17 Old Footprint=RES-0603 New Footprint=RES-0603
Change Physical Footprint: Designator=R18 Old Footprint=RES-0603 New Footprint=RES-0603
Change Physical Footprint: Designator=R19 Old Footprint=RES-0603 New Footprint=RES-0603
Change Physical Footprint: Designator=R20 Old Footprint=RES-2512 WIDE New Footprint=RES-2512 WIDE
Change Physical Footprint: Designator=R21 Old Footprint=RES-0603 New Footprint=RES-0603
Change Physical Footprint: Designator=R22 Old Footprint=RES-0603 New Footprint=RES-0603
Change Physical Footprint: Designator=R23 Old Footprint=RES-0603 New Footprint=RES-0603
Change Physical Footprint: Designator=R24 Old Footprint=RES-0603 New Footprint=RES-0603
Change Physical Footprint: Designator=R25 Old Footprint=RES-0603 New Footprint=RES-0603
Change Physical Footprint: Designator=R26 Old Footprint=RES-0603 New Footprint=RES-0603
Change Physical Footprint: Designator=R27 Old Footprint=RES-0603 New Footprint=RES-0603
Change Physical Footprint: Designator=S1 Old Footprint=KSC_J New Footprint=KSC_J
Change Physical Footprint: Designator=S2 Old Footprint=KSC_J New Footprint=KSC_J
Change Physical Footprint: Designator=U1 Old Footprint=MSOP8 New Footprint=MSOP8
Change Physical Footprint: Designator=U2 Old Footprint=MSOP10 New Footprint=MSOP10
Change Physical Footprint: Designator=U3 Old Footprint=SOT23-5 New Footprint=SOT23-5
Change Physical Footprint: Designator=U4 Old Footprint=TSSOP20 New Footprint=TSSOP20
Change Physical Footprint: Designator=U5 Old Footprint=SOT23-5 New Footprint=SOT23-5
Change Physical Footprint: Designator=U6 Old Footprint=RECOM-R1D New Footprint=RECOM-R1D
Change Physical Footprint: Designator=U7 Old Footprint=SSOP16 New Footprint=SSOP16
Change Physical Footprint: Designator=U8 Old Footprint=SSOP16 New Footprint=SSOP16
Change Physical Footprint: Designator=U9 Old Footprint=MSOP8 New Footprint=MSOP8
Change Physical Footprint: Designator=U10 Old Footprint=MSOP10 New Footprint=MSOP10
Change Physical Footprint: Designator=U11 Old Footprint=SOT23-5 New Footprint=SOT23-5
Change Physical Footprint: Designator=U12 Old Footprint=TSSOP20 New Footprint=TSSOP20
Change Physical Footprint: Designator=U13 Old Footprint=SOT23-5 New Footprint=SOT23-5
Change Physical Footprint: Designator=U14 Old Footprint=RECOM-R1D New Footprint=RECOM-R1D
Change Physical Footprint: Designator=U15 Old Footprint=SSOP16 New Footprint=SSOP16
Change Physical Footprint: Designator=U16 Old Footprint=SSOP16 New Footprint=SSOP16
Change Physical Footprint: Designator=U17 Old Footprint=MSOP8 New Footprint=MSOP8
Change Physical Footprint: Designator=U18 Old Footprint=MSOP10 New Footprint=MSOP10
Change Physical Footprint: Designator=U19 Old Footprint=SOT23-5 New Footprint=SOT23-5
Change Physical Footprint: Designator=U20 Old Footprint=TSSOP20 New Footprint=TSSOP20
Change Physical Footprint: Designator=U21 Old Footprint=SOT23-5 New Footprint=SOT23-5
Change Physical Footprint: Designator=U22 Old Footprint=RECOM-R1D New Footprint=RECOM-R1D
Change Physical Footprint: Designator=U23 Old Footprint=SSOP16 New Footprint=SSOP16
Change Physical Footprint: Designator=U24 Old Footprint=SSOP16 New Footprint=SSOP16
Change Physical Footprint: Designator=U25 Old Footprint=SOT23-5 New Footprint=SOT23-5
Change Physical Footprint: Designator=U26 Old Footprint=LQFP144 New Footprint=LQFP144
Change Physical Footprint: Designator=Y1 Old Footprint=XTAL-ABS07 New Footprint=XTAL-ABS07
Change Physical Footprint: Designator=Y2 Old Footprint=XTAL-ABM7 New Footprint=XTAL-ABM7
