Change Component Comment : Designator=C29 Old Comment=C0603C330F3GAC7867 New Comment=C0603C100K3GAC7867
Change component parameters: Designator = "C29" ("C29"); Footprint = "CAP-0603"; UniqueID = "\GTJBLIOT\KGNFSSGD" ("\GTJBLIOT\KGNFSSGD")
Change component parameters (AddParameter): Name = "Manufacturer"; Value = "Kemet"; VariantName = "[No Variations]"
Change component parameters (AddParameter): Name = "PartNumber"; Value = "C0603C100K3GAC7867"; VariantName = "[No Variations]"
Change component parameters (AddParameter): Name = "Tolerance"; Value = "10%"; VariantName = "[No Variations]"
Change component parameters (AddParameter): Name = "Value"; Value = "10pF"; VariantName = "[No Variations]"
Change component parameters (AddParameter): Name = "Voltage"; Value = "25V"; VariantName = "[No Variations]"
Added Component: Designator=D15(0805 - LED)
Add component (AddParameter): Name = "Color"; Value = "Red"; VariantName = "[No Variations]"
Add component (AddParameter): Name = "Manufacturer"; Value = "Lite-On Inc"; VariantName = "[No Variations]"
Add component (AddParameter): Name = "PartNumber"; Value = "LTST-C170KRKT"; VariantName = "[No Variations]"
Add component (AddParameter): Name = "Supplier 1"; Value = "Digi-Key"; VariantName = "[No Variations]"
Add component (AddParameter): Name = "Supplier 2"; Value = "Mouser"; VariantName = "[No Variations]"
Add component (AddParameter): Name = "Supplier Part Number 1"; Value = "160-1415-6-ND"; VariantName = "[No Variations]"
Add component (AddParameter): Name = "Supplier Part Number 2"; Value = "859-LTST-C170KRKT"; VariantName = "[No Variations]"
Added Component: Designator=J5(PIN3)
Add component (AddParameter): Name = "Manufacturer"; Value = "Sullins Connector Solutions"; VariantName = "[No Variations]"
Add component (AddParameter): Name = "PartNumber"; Value = "PRPC003SAAN-RC"; VariantName = "[No Variations]"
Add component (AddParameter): Name = "Supplier 1"; Value = "Digi-Key"; VariantName = "[No Variations]"
Add component (AddParameter): Name = "Supplier Part Number 1"; Value = "S1011EC-03-ND"; VariantName = "[No Variations]"
Added Component: Designator=U26(LQFP144)
Add component (AddParameter): Name = "Manufacturer"; Value = "STMicroelectronics"; VariantName = "[No Variations]"
Add component (AddParameter): Name = "PartNumber"; Value = "STM32F429ZIT6"; VariantName = "[No Variations]"
Add Pin To Net: Unknown Pin: Pin R25-2
Change Net Name : Old Net Name=NetU24_2 New Net Name=CH3-SPI.MOSI
Change Net Name : Old Net Name=NetU24_3 New Net Name=CH3-SPI.SCLK
Change Net Name : Old Net Name=NetU24_4 New Net Name=CH3-SPI.CS
Change Net Name : Old Net Name=NetU24_6 New Net Name=CH3-SPI.MISO
Added Pin To Net: NetName=CH1-SPI.CS Pin=U8-4
Added Pin To Net: NetName=CH1-SPI.CS Pin=U26-110
Added Net: Name=CH1-SPI.CS
Added Pin To Net: NetName=CH1-SPI.MISO Pin=U8-6
Added Pin To Net: NetName=CH1-SPI.MISO Pin=U26-134
Added Net: Name=CH1-SPI.MISO
Added Pin To Net: NetName=CH1-SPI.MOSI Pin=U8-2
Added Pin To Net: NetName=CH1-SPI.MOSI Pin=U26-135
Added Net: Name=CH1-SPI.MOSI
Added Pin To Net: NetName=CH1-SPI.SCLK Pin=U8-3
Added Pin To Net: NetName=CH1-SPI.SCLK Pin=U26-133
Added Net: Name=CH1-SPI.SCLK
Added Pin To Net: NetName=CH2-SPI.CS Pin=U16-4
Added Pin To Net: NetName=CH2-SPI.CS Pin=U26-140
Added Net: Name=CH2-SPI.CS
Added Pin To Net: NetName=CH2-SPI.MISO Pin=U16-6
Added Pin To Net: NetName=CH2-SPI.MISO Pin=U26-75
Added Net: Name=CH2-SPI.MISO
Added Pin To Net: NetName=CH2-SPI.MOSI Pin=U16-2
Added Pin To Net: NetName=CH2-SPI.MOSI Pin=U26-76
Added Net: Name=CH2-SPI.MOSI
Added Pin To Net: NetName=CH2-SPI.SCLK Pin=U16-3
Added Pin To Net: NetName=CH2-SPI.SCLK Pin=U26-74
Added Net: Name=CH2-SPI.SCLK
Added Pin To Net: NetName=LED_WWAN# Pin=J1-42
Added Pin To Net: NetName=LED_WWAN# Pin=J5-1
Added Net: Name=LED_WWAN#
Added Pin To Net: NetName=NetD15_1 Pin=D15-1
Added Net: Name=NetD15_1
Added Pin To Net: NetName=NetD15_2 Pin=D15-2
Added Pin To Net: NetName=NetD15_2 Pin=J5-2
Added Net: Name=NetD15_2
Added Pin To Net: NetName=NetJ1_1 Pin=J1-1
Added Net: Name=NetJ1_1
Added Pin To Net: NetName=NetJ1_11 Pin=J1-11
Added Net: Name=NetJ1_11
Added Pin To Net: NetName=NetJ1_13 Pin=J1-13
Added Net: Name=NetJ1_13
Added Pin To Net: NetName=NetJ1_17 Pin=J1-17
Added Net: Name=NetJ1_17
Added Pin To Net: NetName=NetJ1_20 Pin=J1-20
Added Net: Name=NetJ1_20
Added Pin To Net: NetName=NetJ1_22 Pin=J1-22
Added Net: Name=NetJ1_22
Added Pin To Net: NetName=NetJ1_23 Pin=J1-23
Added Net: Name=NetJ1_23
Added Pin To Net: NetName=NetJ1_25 Pin=J1-25
Added Net: Name=NetJ1_25
Added Pin To Net: NetName=NetJ1_31 Pin=J1-31
Added Net: Name=NetJ1_31
Added Class: Name=MICROCONTROLLER
Added Member To Class: ClassName=MODEM Member=Component D15 LTST-C170KRKT
Added Member To Class: ClassName=MODEM Member=Component J5 PRPC003SAAN-RC
Add Class Member: Failed to add class member : Component R25 RC0805FR-07100KL
Added Room: Name=MICROCONTROLLER
