Added Component: Designator=C1(CAP-0603)
Add component (AddParameter): Name = "Manufacturer"; Value = "Kemet"; VariantName = "[No Variations]"
Add component (AddParameter): Name = "PartNumber"; Value = "C0603C106M9PAC7867"; VariantName = "[No Variations]"
Add component (AddParameter): Name = "Supplier 1"; Value = "Digi-Key"; VariantName = "[No Variations]"
Add component (AddParameter): Name = "Supplier 2"; Value = "Mouser"; VariantName = "[No Variations]"
Add component (AddParameter): Name = "Supplier Part Number 1"; Value = "399-C0603C105M3RAC7867CT-ND"; VariantName = "[No Variations]"
Add component (AddParameter): Name = "Supplier Part Number 2"; Value = "80-C0603C105M3R"; VariantName = "[No Variations]"
Add component (AddParameter): Name = "Tolerance"; Value = "20%"; VariantName = "[No Variations]"
Add component (AddParameter): Name = "Value"; Value = "10.0uF"; VariantName = "[No Variations]"
Add component (AddParameter): Name = "Voltage"; Value = "10"; VariantName = "[No Variations]"
Added Component: Designator=C2(CAP-0603)
Add component (AddParameter): Name = "Manufacturer"; Value = "Kemet"; VariantName = "[No Variations]"
Add component (AddParameter): Name = "PartNumber"; Value = "C0603C106M9PAC7867"; VariantName = "[No Variations]"
Add component (AddParameter): Name = "Supplier 1"; Value = "Digi-Key"; VariantName = "[No Variations]"
Add component (AddParameter): Name = "Supplier 2"; Value = "Mouser"; VariantName = "[No Variations]"
Add component (AddParameter): Name = "Supplier Part Number 1"; Value = "399-C0603C105M3RAC7867CT-ND"; VariantName = "[No Variations]"
Add component (AddParameter): Name = "Supplier Part Number 2"; Value = "80-C0603C105M3R"; VariantName = "[No Variations]"
Add component (AddParameter): Name = "Tolerance"; Value = "20%"; VariantName = "[No Variations]"
Add component (AddParameter): Name = "Value"; Value = "10.0uF"; VariantName = "[No Variations]"
Add component (AddParameter): Name = "Voltage"; Value = "10"; VariantName = "[No Variations]"
Added Component: Designator=C3(CAP-0603)
Add component (AddParameter): Name = "Manufacturer"; Value = "Kemet"; VariantName = "[No Variations]"
Add component (AddParameter): Name = "PartNumber"; Value = "C0603C106M9PAC7867"; VariantName = "[No Variations]"
Add component (AddParameter): Name = "Supplier 1"; Value = "Digi-Key"; VariantName = "[No Variations]"
Add component (AddParameter): Name = "Supplier 2"; Value = "Mouser"; VariantName = "[No Variations]"
Add component (AddParameter): Name = "Supplier Part Number 1"; Value = "399-C0603C105M3RAC7867CT-ND"; VariantName = "[No Variations]"
Add component (AddParameter): Name = "Supplier Part Number 2"; Value = "80-C0603C105M3R"; VariantName = "[No Variations]"
Add component (AddParameter): Name = "Tolerance"; Value = "20%"; VariantName = "[No Variations]"
Add component (AddParameter): Name = "Value"; Value = "10.0uF"; VariantName = "[No Variations]"
Add component (AddParameter): Name = "Voltage"; Value = "10"; VariantName = "[No Variations]"
Added Component: Designator=C4(CAP-0603)
Add component (AddParameter): Name = "Manufacturer"; Value = "Kemet"; VariantName = "[No Variations]"
Add component (AddParameter): Name = "PartNumber"; Value = "C0603C104K5RACAUTO"; VariantName = "[No Variations]"
Add component (AddParameter): Name = "Supplier 1"; Value = "Digi-Key"; VariantName = "[No Variations]"
Add component (AddParameter): Name = "Supplier 2"; Value = "Mouser"; VariantName = "[No Variations]"
Add component (AddParameter): Name = "Supplier Part Number 1"; Value = "399-6856-1-ND"; VariantName = "[No Variations]"
Add component (AddParameter): Name = "Supplier Part Number 2"; Value = "80-C0603C104K5RAUTO"; VariantName = "[No Variations]"
Add component (AddParameter): Name = "Tolerance"; Value = "10%"; VariantName = "[No Variations]"
Add component (AddParameter): Name = "Value"; Value = "0.1uF"; VariantName = "[No Variations]"
Add component (AddParameter): Name = "Voltage"; Value = "50"; VariantName = "[No Variations]"
Added Component: Designator=J1(PIN3)
Add component (AddParameter): Name = "Manufacturer"; Value = "Sullins Connector Solutions"; VariantName = "[No Variations]"
Add component (AddParameter): Name = "PartNumber"; Value = "PRPC003SAAN-RC"; VariantName = "[No Variations]"
Add component (AddParameter): Name = "Supplier 1"; Value = "Digi-Key"; VariantName = "[No Variations]"
Add component (AddParameter): Name = "Supplier Part Number 1"; Value = "S1011EC-03-ND"; VariantName = "[No Variations]"
Added Component: Designator=J2(TE-640455-3)
Add component (AddParameter): Name = "Manufacturer"; Value = "TE Connectivity"; VariantName = "[No Variations]"
Add component (AddParameter): Name = "Mating Conn"; Value = "1375820-3"; VariantName = "[No Variations]"
Add component (AddParameter): Name = "PartNumber"; Value = "640455-3"; VariantName = "[No Variations]"
Add component (AddParameter): Name = "Supplier 1"; Value = "Digi-Key"; VariantName = "[No Variations]"
Add component (AddParameter): Name = "Supplier 2"; Value = "Mouser"; VariantName = "[No Variations]"
Add component (AddParameter): Name = "Supplier Part Number 1"; Value = "A19451-ND"; VariantName = "[No Variations]"
Add component (AddParameter): Name = "Supplier Part Number 2"; Value = "571-6404553"; VariantName = "[No Variations]"
Added Component: Designator=J3(PIN3)
Add component (AddParameter): Name = "Manufacturer"; Value = "Sullins Connector Solutions"; VariantName = "[No Variations]"
Add component (AddParameter): Name = "PartNumber"; Value = "PRPC003SAAN-RC"; VariantName = "[No Variations]"
Add component (AddParameter): Name = "Supplier 1"; Value = "Digi-Key"; VariantName = "[No Variations]"
Add component (AddParameter): Name = "Supplier Part Number 1"; Value = "S1011EC-03-ND"; VariantName = "[No Variations]"
Added Component: Designator=L1(COILCRAFT-LPS3015)
Add component (AddParameter): Name = "Current"; Value = "1.4A"; VariantName = "[No Variations]"
Add component (AddParameter): Name = "Manufacturer"; Value = "Coilcraft"; VariantName = "[No Variations]"
Add component (AddParameter): Name = "PartNumber"; Value = "LPS3015-222MRC"; VariantName = "[No Variations]"
Add component (AddParameter): Name = "Value"; Value = "2.2uH"; VariantName = "[No Variations]"
Added Component: Designator=U1(VSON10)
Add component (AddParameter): Name = "Manufacturer"; Value = "Texas Instruments"; VariantName = "[No Variations]"
Add component (AddParameter): Name = "PartNumber"; Value = "TPS63001DRCT"; VariantName = "[No Variations]"
Added Pin To Net: NetName=GND Pin=C1-1
Added Pin To Net: NetName=GND Pin=C2-1
Added Pin To Net: NetName=GND Pin=C3-1
Added Pin To Net: NetName=GND Pin=C4-1
Added Pin To Net: NetName=VBAT Pin=J1-1
Added Pin To Net: NetName=GND Pin=J1-3
Added Pin To Net: NetName=GND Pin=J2-3
Added Pin To Net: NetName=GND Pin=J3-3
Added Pin To Net: NetName=GND Pin=U1-3
Added Pin To Net: NetName=GND Pin=U1-9
Added Pin To Net: NetName=GND Pin=U1-11
Change Net Name : Old Net Name=VBAT New Net Name=NetB1_1
Added Pin To Net: NetName=3.3V Pin=C2-2
Added Pin To Net: NetName=3.3V Pin=C3-2
Added Pin To Net: NetName=3.3V Pin=J2-1
Added Pin To Net: NetName=3.3V Pin=U1-1
Added Pin To Net: NetName=3.3V Pin=U1-10
Added Net: Name=3.3V
Added Pin To Net: NetName=NetC4_2 Pin=C4-2
Added Pin To Net: NetName=NetC4_2 Pin=J3-1
Added Pin To Net: NetName=NetC4_2 Pin=U1-6
Added Pin To Net: NetName=NetC4_2 Pin=U1-8
Added Net: Name=NetC4_2
Added Pin To Net: NetName=NetJ3_2 Pin=J3-2
Added Pin To Net: NetName=NetJ3_2 Pin=U1-7
Added Net: Name=NetJ3_2
Added Pin To Net: NetName=NetL1_1 Pin=L1-1
Added Pin To Net: NetName=NetL1_1 Pin=U1-4
Added Net: Name=NetL1_1
Added Pin To Net: NetName=NetL1_2 Pin=L1-2
Added Pin To Net: NetName=NetL1_2 Pin=U1-2
Added Net: Name=NetL1_2
Added Pin To Net: NetName=VBat Pin=C1-2
Added Pin To Net: NetName=VBat Pin=J1-2
Added Pin To Net: NetName=VBat Pin=J2-2
Added Pin To Net: NetName=VBat Pin=U1-5
Added Net: Name=VBat
Added Member To Class: ClassName=POWER Member=Component C1 C0603C106M9PAC7867
Added Member To Class: ClassName=POWER Member=Component C2 C0603C106M9PAC7867
Added Member To Class: ClassName=POWER Member=Component C3 C0603C106M9PAC7867
Added Member To Class: ClassName=POWER Member=Component C4 C0603C104K5RACAUTO
Added Member To Class: ClassName=POWER Member=Component J1 PRPC003SAAN-RC
Added Member To Class: ClassName=POWER Member=Component J2 640455-3
Added Member To Class: ClassName=POWER Member=Component J3 PRPC003SAAN-RC
Added Member To Class: ClassName=POWER Member=Component L1 LPS3015-222MRC
Add Class Member: Failed to add class member : Component R1 RC0805FR-07100KL
Added Member To Class: ClassName=POWER Member=Component U1 TPS63001DRCT
